[2022-04-29T00:11:34.659317-04:00] monkeylingo.INFO: Client: fet logged in. [] []
[2022-04-29T00:13:38.015095-04:00] monkeylingo.INFO: Client: fet logged in. [] []
[2022-04-29T00:16:27.548650-04:00] monkeylingo.INFO: Client: fet logged in. [] []
[2022-04-29T00:17:30.891882-04:00] monkeylingo.INFO: Client: fet logged in. [] []
[2022-04-29T00:18:34.375688-04:00] monkeylingo.INFO: Client: fet logged in. [] []
[2022-04-29T00:21:51.059874-04:00] monkeylingo.WARNING: Client: john logged in. [] []
[2022-04-29T00:38:33.873733-04:00] monkeylingo.INFO: Client: john has logged out. [] []
[2022-04-29T00:38:53.348625-04:00] monkeylingo.INFO: REGISTRATION: rocky signed up. [] []
[2022-04-29T00:39:01.894920-04:00] monkeylingo.INFO: Client: rocky logged in. [] []
[2022-04-29T00:39:22.930299-04:00] monkeylingo.WARNING: Client: rocky has started authenticating. [] []
[2022-04-29T00:39:23.224642-04:00] monkeylingo.INFO: Client: rocky is authenticated. [] []
[2022-04-29T00:39:23.224727-04:00] monkeylingo.WARNING: Client: rocky has started detecting. [] []
[2022-04-29T00:39:23.490892-04:00] monkeylingo.INFO: Client: rocky has stopped translating. [] []
[2022-04-29T00:40:07.229594-04:00] monkeylingo.WARNING: Client: rocky has started authenticating. [] []
[2022-04-29T00:40:07.578885-04:00] monkeylingo.INFO: Client: rocky is authenticated. [] []
[2022-04-29T00:40:07.578949-04:00] monkeylingo.WARNING: Client: rocky has started translating. [] []
[2022-04-29T00:40:07.832832-04:00] monkeylingo.INFO: Client: rocky has stopped translating. [] []
[2022-04-29T00:40:16.066676-04:00] monkeylingo.WARNING: Client: rocky has started authenticating. [] []
[2022-04-29T00:40:16.083963-04:00] monkeylingo.INFO: Client: rocky is authenticated. [] []
[2022-04-29T00:40:16.084058-04:00] monkeylingo.WARNING: Client: rocky has started detecting. [] []
[2022-04-29T00:40:16.587780-04:00] monkeylingo.INFO: Client: rocky has stopped detecting. [] []
[2022-04-29T00:40:23.502942-04:00] monkeylingo.INFO: Client: rocky has logged out. [] []
